<?xml version="1.0" encoding="UTF-8"?>
<!-- Generated by org.testng.reporters.JUnitXMLReporter -->
<testsuite ignored="0" hostname="DESKTOP-UBD8RA6" failures="0" tests="6" name="Default test" time="0.093" errors="0" timestamp="2024-09-11T16:23:24 IST">
  <testcase classname="testNG.Invication_Count" name="tC1" time="0.012"/>
  <testcase classname="testNG.Invication_Count" name="tC1" time="0.001"/>
  <testcase classname="testNG.Invication_Count" name="tC1" time="0.001"/>
  <testcase classname="testNG.Invication_Count" name="tC2" time="0.001"/>
  <testcase classname="testNG.Invication_Count" name="tC2" time="0.001"/>
  <testcase classname="testNG.Invication_Count" name="tC3" time="0.001"/>
</testsuite> <!-- Default test -->
