<?xml version="1.0" encoding="UTF-8"?>
<testng-results ignored="0" total="1" passed="1" failed="0" skipped="0">
  <reporter-output>
  </reporter-output>
  <suite started-at="2024-08-22T15:00:28 IST" name="Default suite" finished-at="2024-08-22T15:00:31 IST" duration-ms="3608">
    <groups>
    </groups>
    <test started-at="2024-08-22T15:00:28 IST" name="Default test" finished-at="2024-08-22T15:00:31 IST" duration-ms="3608">
      <class name="sdet_.Post_Reqest_Multiple_ways">
        <test-method signature="hash_Map_way()[pri:0, instance:sdet_.Post_Reqest_Multiple_ways@169e6180]" started-at="2024-08-22T15:00:28 IST" name="hash_Map_way" finished-at="2024-08-22T15:00:31 IST" duration-ms="3552" status="PASS">
          <reporter-output>
          </reporter-output>
        </test-method> <!-- hash_Map_way -->
      </class> <!-- sdet_.Post_Reqest_Multiple_ways -->
    </test> <!-- Default test -->
  </suite> <!-- Default suite -->
</testng-results>
